#
# There is insufficient memory for the Java Runtime Environment to continue.
# Native memory allocation (mmap) failed to map 134217728 bytes for G1 virtual space
# Possible reasons:
#   The system is out of physical RAM or swap space
#   The process is running with CompressedOops enabled, and the Java Heap may be blocking the growth of the native heap
# Possible solutions:
#   Reduce memory load on the system
#   Increase physical memory or swap space
#   Check if swap backing store is full
#   Decrease Java heap size (-Xmx/-Xms)
#   Decrease number of Java threads
#   Decrease Java thread stack sizes (-Xss)
#   Set larger code cache with -XX:ReservedCodeCacheSize=
#   JVM is running with Unscaled Compressed Oops mode in which the Java heap is
#     placed in the first 4GB address space. The Java Heap base address is the
#     maximum limit for the native heap growth. Please use -XX:HeapBaseMinAddress
#     to set the Java Heap base and to place the Java Heap above 4GB virtual address.
# This output file may be truncated or incomplete.
#
#  Out of Memory Error (os_windows.cpp:3527), pid=18084, tid=8888
#
# JRE version:  (19.0.1+10) (build )
# Java VM: Java HotSpot(TM) 64-Bit Server VM (19.0.1+10-21, mixed mode, sharing, tiered, compressed oops, compressed class ptrs, g1 gc, windows-amd64)
# No core dump will be written. Minidumps are not enabled by default on client versions of Windows
#

---------------  S U M M A R Y ------------

Command Line: -ea -Didea.test.cyclic.buffer.size=1048576 -javaagent:C:\Program Files\JetBrains\IntelliJ IDEA 2023.3\lib\idea_rt.jar=54537:C:\Program Files\JetBrains\IntelliJ IDEA 2023.3\bin -Dfile.encoding=UTF-8 -Dsun.stdout.encoding=UTF-8 -Dsun.stderr.encoding=UTF-8 com.intellij.rt.junit.JUnitStarter -ideVersion5 -junit5 @w@C:\Users\wwwte\AppData\Local\Temp\idea_working_dirs_junit.tmp @C:\Users\wwwte\AppData\Local\Temp\idea_junit.tmp -socket54536

Host: Intel(R) Core(TM) i3-7020U CPU @ 2.30GHz, 4 cores, 7G,  Windows 10 , 64 bit Build 19041 (10.0.19041.3636)
Time: Mon Dec 11 20:51:41 2023 RTZ 2 (s 10 , 64 bit Build 19041 (10.0.19041.3636) elapsed time: 0.050850 seconds (0d 0h 0m 0s)

---------------  T H R E A D  ---------------

Current thread (0x000002005aebe970):  JavaThread "Unknown thread" [_thread_in_vm, id=8888, stack(0x000000bfc6400000,0x000000bfc6500000)]

Stack: [0x000000bfc6400000,0x000000bfc6500000]
Native frames: (J=compiled Java code, j=interpreted, Vv=VM code, C=native code)
V  [jvm.dll+0x6ee8fa]
V  [jvm.dll+0x857a1e]
V  [jvm.dll+0x85940e]
V  [jvm.dll+0x859ac3]
V  [jvm.dll+0x28291f]
V  [jvm.dll+0x6eb6e9]
V  [jvm.dll+0x6e028a]
V  [jvm.dll+0x357136]
V  [jvm.dll+0x35eb96]
V  [jvm.dll+0x3b555e]
V  [jvm.dll+0x3b578f]
V  [jvm.dll+0x32c6ea]
V  [jvm.dll+0x32d59e]
V  [jvm.dll+0x821b20]
V  [jvm.dll+0x3c27c1]
V  [jvm.dll+0x8022f1]
V  [jvm.dll+0x44b30f]
V  [jvm.dll+0x44cc91]
C  [jli.dll+0x5287]
C  [ucrtbase.dll+0x21bb2]
C  [KERNEL32.DLL+0x17344]
C  [ntdll.dll+0x526b1]


---------------  P R O C E S S  ---------------

Threads class SMR info:
_java_thread_list=0x00007fff9d42d048, length=0, elements={
}

Java Threads: ( => current thread )

Other Threads:
  0x000002005af1e450 WorkerThread "GC Thread#0" [stack: 0x000000bfc6500000,0x000000bfc6600000] [id=9188]
  0x000002005af2ff10 ConcurrentGCThread "G1 Main Marker" [stack: 0x000000bfc6600000,0x000000bfc6700000] [id=9616]
  0x000002005af31a00 WorkerThread "G1 Conc#0" [stack: 0x000000bfc6700000,0x000000bfc6800000] [id=17756]

[error occurred during error reporting (printing all threads), id 0xc0000005, EXCEPTION_ACCESS_VIOLATION (0xc0000005) at pc=0x00007fff9cbed127]

VM state: not at safepoint (not fully initialized)

VM Mutex/Monitor currently owned by a thread:  ([mutex/lock_event])
[0x000002005aeb9000] Heap_lock - owner thread: 0x000002005aebe970

Heap address: 0x0000000081e00000, size: 2018 MB, Compressed Oops mode: 32-bit

CDS archive(s) mapped at: [0x0000000000000000-0x0000000000000000-0x0000000000000000), size 0, SharedBaseAddress: 0x0000000800000000, ArchiveRelocationMode: 0.
Narrow klass base: 0x0000000000000000, Narrow klass shift: 0, Narrow klass range: 0x0

GC Precious Log:
 CardTable entry size: 512
 Card Set container configuration: InlinePtr #cards 5 size 8 Array Of Cards #cards 12 size 40 Howl #buckets 4 coarsen threshold 1843 Howl Bitmap #cards 512 size 80 coarsen threshold 460 Card regions per heap region 1 cards per card region 2048

Heap:
 garbage-first heap   total 0K, used 0K [0x0000000081e00000, 0x0000000100000000)
  region size 1024K, 0 young (0K), 0 survivors (0K)

[error occurred during error reporting (printing heap information), id 0xc0000005, EXCEPTION_ACCESS_VIOLATION (0xc0000005) at pc=0x00007fff9cff6959]

GC Heap History (0 events):
No events

Dll operation events (1 events):
Event: 0.033 Loaded shared library C:\Program Files\Java\jdk-19\bin\java.dll

Deoptimization events (0 events):
No events

Classes loaded (0 events):
No events

Classes unloaded (0 events):
No events

Classes redefined (0 events):
No events

Internal exceptions (0 events):
No events

VM Operations (0 events):
No events

Events (0 events):
No events


Dynamic libraries:
0x00007ff725a40000 - 0x00007ff725a50000 	C:\Program Files\Java\jdk-19\bin\java.exe
0x00007fffeb850000 - 0x00007fffeba48000 	C:\WINDOWS\SYSTEM32\ntdll.dll
0x00007fffeb560000 - 0x00007fffeb61d000 	C:\WINDOWS\System32\KERNEL32.DLL
0x00007fffe9170000 - 0x00007fffe9466000 	C:\WINDOWS\System32\KERNELBASE.dll
0x00007fffe9470000 - 0x00007fffe9570000 	C:\WINDOWS\System32\ucrtbase.dll
0x00007fffdda00000 - 0x00007fffdda1b000 	C:\Program Files\Java\jdk-19\bin\VCRUNTIME140.dll
0x00007fffdf9f0000 - 0x00007fffdfa08000 	C:\Program Files\Java\jdk-19\bin\jli.dll
0x00007fffeb730000 - 0x00007fffeb7df000 	C:\WINDOWS\System32\ADVAPI32.dll
0x00007fffeaed0000 - 0x00007fffeaf6e000 	C:\WINDOWS\System32\msvcrt.dll
0x00007fffeb3e0000 - 0x00007fffeb47c000 	C:\WINDOWS\System32\sechost.dll
0x00007fffeb010000 - 0x00007fffeb136000 	C:\WINDOWS\System32\RPCRT4.dll
0x00007fffe9a30000 - 0x00007fffe9bce000 	C:\WINDOWS\System32\USER32.dll
0x00007fffe9690000 - 0x00007fffe96b2000 	C:\WINDOWS\System32\win32u.dll
0x00007fffe9d00000 - 0x00007fffe9d2c000 	C:\WINDOWS\System32\GDI32.dll
0x00007fffe9570000 - 0x00007fffe968a000 	C:\WINDOWS\System32\gdi32full.dll
0x00007fffe9780000 - 0x00007fffe981d000 	C:\WINDOWS\System32\msvcp_win.dll
0x00007fffde210000 - 0x00007fffde21a000 	C:\WINDOWS\SYSTEM32\VERSION.dll
0x00007fffcf300000 - 0x00007fffcf59a000 	C:\WINDOWS\WinSxS\amd64_microsoft.windows.common-controls_6595b64144ccf1df_6.0.19041.3636_none_60b6a03d71f818d5\COMCTL32.dll
0x00007fffeb7e0000 - 0x00007fffeb810000 	C:\WINDOWS\System32\IMM32.DLL
0x00007fffe33b0000 - 0x00007fffe33bc000 	C:\Program Files\Java\jdk-19\bin\vcruntime140_1.dll
0x00007fffbe890000 - 0x00007fffbe91e000 	C:\Program Files\Java\jdk-19\bin\msvcp140.dll
0x00007fff9c8b0000 - 0x00007fff9d570000 	C:\Program Files\Java\jdk-19\bin\server\jvm.dll
0x00007fffe3340000 - 0x00007fffe3349000 	C:\WINDOWS\SYSTEM32\WSOCK32.dll
0x00007fffeae60000 - 0x00007fffeaecb000 	C:\WINDOWS\System32\WS2_32.dll
0x00007fffd1070000 - 0x00007fffd1097000 	C:\WINDOWS\SYSTEM32\WINMM.dll
0x00007fffe77b0000 - 0x00007fffe77c2000 	C:\WINDOWS\SYSTEM32\kernel.appcore.dll
0x00007fffe17d0000 - 0x00007fffe17da000 	C:\Program Files\Java\jdk-19\bin\jimage.dll
0x00007fffe3c90000 - 0x00007fffe3e74000 	C:\WINDOWS\SYSTEM32\DBGHELP.DLL
0x00007fffdb330000 - 0x00007fffdb364000 	C:\WINDOWS\SYSTEM32\dbgcore.DLL
0x00007fffe9820000 - 0x00007fffe98a2000 	C:\WINDOWS\System32\bcryptPrimitives.dll
0x00007fffe3330000 - 0x00007fffe333e000 	C:\Program Files\Java\jdk-19\bin\instrument.dll
0x00007fffdd7b0000 - 0x00007fffdd7d6000 	C:\Program Files\Java\jdk-19\bin\java.dll

dbghelp: loaded successfully - version: 4.0.5 - missing functions: none
symbol engine: initialized successfully - sym options: 0x614 - pdb path: .;C:\Program Files\Java\jdk-19\bin;C:\WINDOWS\SYSTEM32;C:\WINDOWS\WinSxS\amd64_microsoft.windows.common-controls_6595b64144ccf1df_6.0.19041.3636_none_60b6a03d71f818d5;C:\Program Files\Java\jdk-19\bin\server

VM Arguments:
jvm_args: -ea -Didea.test.cyclic.buffer.size=1048576 -javaagent:C:\Program Files\JetBrains\IntelliJ IDEA 2023.3\lib\idea_rt.jar=54537:C:\Program Files\JetBrains\IntelliJ IDEA 2023.3\bin -Dfile.encoding=UTF-8 -Dsun.stdout.encoding=UTF-8 -Dsun.stderr.encoding=UTF-8 
java_command: com.intellij.rt.junit.JUnitStarter -ideVersion5 -junit5 @w@C:\Users\wwwte\AppData\Local\Temp\idea_working_dirs_junit.tmp @C:\Users\wwwte\AppData\Local\Temp\idea_junit.tmp -socket54536
java_class_path (initial): C:\Users\wwwte\.m2\repository\org\junit\platform\junit-platform-launcher\1.6.2\junit-platform-launcher-1.6.2.jar;C:\Users\wwwte\.m2\repository\org\junit\platform\junit-platform-engine\1.6.2\junit-platform-engine-1.6.2.jar;C:\Users\wwwte\.m2\repository\org\junit\jupiter\junit-jupiter-engine\5.6.2\junit-jupiter-engine-5.6.2.jar;C:\Program Files\JetBrains\IntelliJ IDEA 2023.3\lib\idea_rt.jar;C:\Program Files\JetBrains\IntelliJ IDEA 2023.3\plugins\junit\lib\junit5-rt.jar;C:\Program Files\JetBrains\IntelliJ IDEA 2023.3\plugins\junit\lib\junit-rt.jar;C:\Users\wwwte\Downloads\JavaMarathon2021\JavaMarathon2021\target\test-classes;C:\Users\wwwte\Downloads\JavaMarathon2021\JavaMarathon2021\target\classes;C:\Users\wwwte\.m2\repository\org\junit\jupiter\junit-jupiter-api\5.6.2\junit-jupiter-api-5.6.2.jar;C:\Users\wwwte\.m2\repository\org\apiguardian\apiguardian-api\1.1.0\apiguardian-api-1.1.0.jar;C:\Users\wwwte\.m2\repository\org\opentest4j\opentest4j\1.2.0\opentest4j-1.2.0.jar;C:\Users\wwwte\.m2\repository\org\junit\platform\junit-platform-commons\1.6.2\junit-platform-commons-1.6.2.jar;C:\Users\wwwte\.m2\repository\com\github\lkoskela\beaninject\0.9\beaninject-0.9.jar;C:\Users\wwwte\.m2\repository\org\mockito\mockito-junit-jupiter\2.23.4\mockito-junit-jupiter-2.23.4.jar;C:\Users\wwwte\.m2\repository\org\mockito\mockito-core\2.23.4\mockito-core-2.23.4.jar;C:\Users\wwwte\.m2\repository\net\bytebuddy\byte-buddy\1.9.3\byte-buddy-1.9.3.jar;C:\Users\wwwte\.m2\repository\net\bytebuddy\byte-buddy-agent\1.9.3\byte-buddy-agent-1.9.3.jar;C:\Users\wwwte\.m2\repository\org\objenesis\objenesis\2.6\objenesis-2.6.jar;C:\Users\wwwte\.m2\repository\org\openjfx\javafx-controls\13\javafx-controls-13.jar;C:\Users\wwwte\.m2\repository\org\openjfx\javafx-controls\13\javafx-controls-13-win.jar;C:\Users\wwwte\.m2\repository\org\openjfx\javafx-graphics\13\javafx-graphics-13.jar;C:\Users\wwwte\.m2\repository\org\openjfx\javafx-graphics\13\javafx-graphics-13-win.jar;C:\Users\wwwte\.m2\repository\org\openjfx\javafx-base\13\javafx-base-13.jar;C:\Users\wwwte\.m2\repository\org\openjfx\javafx-base\13\javafx-base-13-win.jar;C:\Users\wwwte\.m2\repository\org\openjfx\javafx-fxml\13\javafx-fxml-13.jar;C:\Users\wwwte\.m2\repository\org\openjfx\javafx-fxml\13\javafx-fxml-13-win.jar
Launcher Type: SUN_STANDARD

[Global flags]
     intx CICompilerCount                          = 3                                         {product} {ergonomic}
     uint ConcGCThreads                            = 1                                         {product} {ergonomic}
     uint G1ConcRefinementThreads                  = 4                                         {product} {ergonomic}
   size_t G1HeapRegionSize                         = 1048576                                   {product} {ergonomic}
    uintx GCDrainStackTargetSize                   = 64                                        {product} {ergonomic}
   size_t InitialHeapSize                          = 134217728                                 {product} {ergonomic}
   size_t MarkStackSize                            = 4194304                                   {product} {ergonomic}
   size_t MaxHeapSize                              = 2116026368                                {product} {ergonomic}
   size_t MinHeapDeltaBytes                        = 1048576                                   {product} {ergonomic}
   size_t MinHeapSize                              = 8388608                                   {product} {ergonomic}
    uintx NonNMethodCodeHeapSize                   = 5832780                                {pd product} {ergonomic}
    uintx NonProfiledCodeHeapSize                  = 122912730                              {pd product} {ergonomic}
    uintx ProfiledCodeHeapSize                     = 122912730                              {pd product} {ergonomic}
    uintx ReservedCodeCacheSize                    = 251658240                              {pd product} {ergonomic}
     bool SegmentedCodeCache                       = true                                      {product} {ergonomic}
   size_t SoftMaxHeapSize                          = 2116026368                             {manageable} {ergonomic}
     bool UseCompressedClassPointers               = true                           {product lp64_product} {ergonomic}
     bool UseCompressedOops                        = true                           {product lp64_product} {ergonomic}
     bool UseG1GC                                  = true                                      {product} {ergonomic}
     bool UseLargePagesIndividualAllocation        = false                                  {pd product} {ergonomic}

Logging:
Log output configuration:
 #0: stdout all=warning uptime,level,tags foldmultilines=false
 #1: stderr all=off uptime,level,tags foldmultilines=false

Environment Variables:
PATH=C:\Program Files\Common Files\Oracle\Java\javapath;C:\WINDOWS\system32;C:\WINDOWS;C:\WINDOWS\System32\Wbem;C:\WINDOWS\System32\WindowsPowerShell\v1.0\;C:\WINDOWS\System32\OpenSSH\;C:\Program Files\dotnet\;C:\Users\wwwte\AppData\Local\Microsoft\WindowsApps;C:\Users\wwwte\AppData\Local\atom\bin
USERNAME=wwwte
OS=Windows_NT
PROCESSOR_IDENTIFIER=Intel64 Family 6 Model 142 Stepping 9, GenuineIntel
TMP=C:\Users\wwwte\AppData\Local\Temp
TEMP=C:\Users\wwwte\AppData\Local\Temp



---------------  S Y S T E M  ---------------

OS:
 Windows 10 , 64 bit Build 19041 (10.0.19041.3636)
OS uptime: 23 days 20:38 hours

CPU: total 4 (initial active 4) (2 cores per cpu, 2 threads per core) family 6 model 142 stepping 9 microcode 0xb4, cx8, cmov, fxsr, ht, mmx, 3dnowpref, sse, sse2, sse3, ssse3, sse4.1, sse4.2, popcnt, lzcnt, tsc, tscinvbit, avx, avx2, aes, erms, clmul, bmi1, bmi2, adx, fma, vzeroupper, clflush, clflushopt, rdtscp

Memory: 4k page, system-wide physical 8067M (293M free)
TotalPageFile size 32643M (AvailPageFile size 117M)
current process WorkingSet (physical memory assigned to process): 10M, peak: 10M
current process commit charge ("private bytes"): 52M, peak: 180M

vm_info: Java HotSpot(TM) 64-Bit Server VM (19.0.1+10-21) for windows-amd64 JRE (19.0.1+10-21), built on 2022-09-14T12:45:06Z by "mach5one" with MS VC++ 17.1 (VS2022)

END.
